<?xml version="1.0" encoding="UTF-8"?>
<coverage generated="1690175310607" clover="3.2.0">
  <project timestamp="1690175310608" name="All files">
    <metrics statements="42" coveredstatements="35" conditionals="14" coveredconditionals="7" methods="14" coveredmethods="11" elements="70" coveredelements="53" complexity="0" loc="42" ncloc="42" packages="2" files="7" classes="7"/>
    <package name="component">
      <metrics statements="25" coveredstatements="22" conditionals="10" coveredconditionals="5" methods="10" coveredmethods="8"/>
      <file name="Caratulas.jsx" path="C:\Users\ange_\DEV005-movie-challenge-fw\DEV005-movie-challenge\src\component\Caratulas.jsx">
        <metrics statements="2" coveredstatements="2" conditionals="0" coveredconditionals="0" methods="1" coveredmethods="1"/>
        <line num="5" count="1" type="stmt"/>
        <line num="6" count="7" type="stmt"/>
      </file>
      <file name="Footer.jsx" path="C:\Users\ange_\DEV005-movie-challenge-fw\DEV005-movie-challenge\src\component\Footer.jsx">
        <metrics statements="2" coveredstatements="2" conditionals="0" coveredconditionals="0" methods="1" coveredmethods="1"/>
        <line num="6" count="1" type="stmt"/>
        <line num="7" count="3" type="stmt"/>
      </file>
      <file name="Movies.jsx" path="C:\Users\ange_\DEV005-movie-challenge-fw\DEV005-movie-challenge\src\component\Movies.jsx">
        <metrics statements="5" coveredstatements="5" conditionals="2" coveredconditionals="1" methods="2" coveredmethods="2"/>
        <line num="5" count="1" type="stmt"/>
        <line num="6" count="3" type="stmt"/>
        <line num="9" count="4" type="stmt"/>
        <line num="10" count="4" type="cond" truecount="1" falsecount="1"/>
        <line num="12" count="4" type="stmt"/>
      </file>
      <file name="Navbar.jsx" path="C:\Users\ange_\DEV005-movie-challenge-fw\DEV005-movie-challenge\src\component\Navbar.jsx">
        <metrics statements="3" coveredstatements="3" conditionals="6" coveredconditionals="3" methods="1" coveredmethods="1"/>
        <line num="7" count="1" type="stmt"/>
        <line num="8" count="3" type="stmt"/>
        <line num="10" count="3" type="stmt"/>
      </file>
      <file name="Recommendations.jsx" path="C:\Users\ange_\DEV005-movie-challenge-fw\DEV005-movie-challenge\src\component\Recommendations.jsx">
        <metrics statements="5" coveredstatements="5" conditionals="2" coveredconditionals="1" methods="2" coveredmethods="2"/>
        <line num="5" count="1" type="stmt"/>
        <line num="6" count="1" type="stmt"/>
        <line num="14" count="2" type="stmt"/>
        <line num="15" count="2" type="cond" truecount="1" falsecount="1"/>
        <line num="17" count="2" type="stmt"/>
      </file>
      <file name="Search.jsx" path="C:\Users\ange_\DEV005-movie-challenge-fw\DEV005-movie-challenge\src\component\Search.jsx">
        <metrics statements="8" coveredstatements="5" conditionals="0" coveredconditionals="0" methods="3" coveredmethods="1"/>
        <line num="4" count="1" type="stmt"/>
        <line num="5" count="3" type="stmt"/>
        <line num="7" count="3" type="stmt"/>
        <line num="8" count="0" type="stmt"/>
        <line num="11" count="3" type="stmt"/>
        <line num="12" count="0" type="stmt"/>
        <line num="13" count="0" type="stmt"/>
        <line num="16" count="3" type="stmt"/>
      </file>
    </package>
    <package name="pages">
      <metrics statements="17" coveredstatements="13" conditionals="4" coveredconditionals="2" methods="4" coveredmethods="3"/>
      <file name="Films.jsx" path="C:\Users\ange_\DEV005-movie-challenge-fw\DEV005-movie-challenge\src\pages\Films.jsx">
        <metrics statements="17" coveredstatements="13" conditionals="4" coveredconditionals="2" methods="4" coveredmethods="3"/>
        <line num="8" count="1" type="stmt"/>
        <line num="9" count="2" type="stmt"/>
        <line num="10" count="2" type="stmt"/>
        <line num="11" count="2" type="stmt"/>
        <line num="13" count="2" type="stmt"/>
        <line num="14" count="1" type="stmt"/>
        <line num="15" count="1" type="cond" truecount="1" falsecount="1"/>
        <line num="17" count="1" type="cond" truecount="1" falsecount="1"/>
        <line num="18" count="0" type="stmt"/>
        <line num="19" count="0" type="stmt"/>
        <line num="21" count="1" type="stmt"/>
        <line num="22" count="1" type="stmt"/>
        <line num="26" count="1" type="stmt"/>
        <line num="29" count="2" type="stmt"/>
        <line num="30" count="0" type="stmt"/>
        <line num="31" count="0" type="stmt"/>
        <line num="34" count="2" type="stmt"/>
      </file>
    </package>
  </project>
</coverage>
