<?xml version="1.0" encoding="UTF-8"?>
<coverage generated="1689976614775" clover="3.2.0">
  <project timestamp="1689976614776" name="All files">
    <metrics statements="11" coveredstatements="11" conditionals="2" coveredconditionals="1" methods="5" coveredmethods="5" elements="18" coveredelements="17" complexity="0" loc="11" ncloc="11" packages="1" files="4" classes="4"/>
    <file name="Caratulas.jsx" path="C:\Users\ange_\DEV005-movie-challenge-fw\DEV005-movie-challenge\src\component\Caratulas.jsx">
      <metrics statements="2" coveredstatements="2" conditionals="0" coveredconditionals="0" methods="1" coveredmethods="1"/>
      <line num="5" count="1" type="stmt"/>
      <line num="6" count="3" type="stmt"/>
    </file>
    <file name="Footer.jsx" path="C:\Users\ange_\DEV005-movie-challenge-fw\DEV005-movie-challenge\src\component\Footer.jsx">
      <metrics statements="2" coveredstatements="2" conditionals="0" coveredconditionals="0" methods="1" coveredmethods="1"/>
      <line num="6" count="1" type="stmt"/>
      <line num="7" count="1" type="stmt"/>
    </file>
    <file name="Movies.jsx" path="C:\Users\ange_\DEV005-movie-challenge-fw\DEV005-movie-challenge\src\component\Movies.jsx">
      <metrics statements="5" coveredstatements="5" conditionals="2" coveredconditionals="1" methods="2" coveredmethods="2"/>
      <line num="5" count="1" type="stmt"/>
      <line num="6" count="1" type="stmt"/>
      <line num="9" count="2" type="stmt"/>
      <line num="10" count="2" type="cond" truecount="1" falsecount="1"/>
      <line num="12" count="2" type="stmt"/>
    </file>
    <file name="Navbar.jsx" path="C:\Users\ange_\DEV005-movie-challenge-fw\DEV005-movie-challenge\src\component\Navbar.jsx">
      <metrics statements="2" coveredstatements="2" conditionals="0" coveredconditionals="0" methods="1" coveredmethods="1"/>
      <line num="6" count="1" type="stmt"/>
      <line num="7" count="3" type="stmt"/>
    </file>
  </project>
</coverage>
