{"C:\\Users\\ange_\\DEV005-movie-challenge-fw\\DEV005-movie-challenge\\src\\component\\Caratulas.jsx": {"path":"C:\\Users\\ange_\\DEV005-movie-challenge-fw\\DEV005-movie-challenge\\src\\component\\Caratulas.jsx","statementMap":{"0":{"start":{"line":5,"column":25},"end":{"line":13,"column":1}},"1":{"start":{"line":6,"column":2},"end":{"line":12,"column":3}}},"fnMap":{"0":{"name":"(anonymous_0)","decl":{"start":{"line":5,"column":25},"end":{"line":5,"column":26}},"loc":{"start":{"line":5,"column":48},"end":{"line":13,"column":1}},"line":5}},"branchMap":{},"s":{"0":1,"1":3},"f":{"0":3},"b":{},"_coverageSchema":"1a1c01bbd47fc00a2c39e90264f33305004495a9","hash":"91e4a866922942c140e25782ab7eba13b5d3da41"}
,"C:\\Users\\ange_\\DEV005-movie-challenge-fw\\DEV005-movie-challenge\\src\\component\\Footer.jsx": {"path":"C:\\Users\\ange_\\DEV005-movie-challenge-fw\\DEV005-movie-challenge\\src\\component\\Footer.jsx","statementMap":{"0":{"start":{"line":6,"column":22},"end":{"line":12,"column":1}},"1":{"start":{"line":7,"column":4},"end":{"line":11,"column":5}}},"fnMap":{"0":{"name":"(anonymous_0)","decl":{"start":{"line":6,"column":22},"end":{"line":6,"column":23}},"loc":{"start":{"line":6,"column":26},"end":{"line":12,"column":1}},"line":6}},"branchMap":{},"s":{"0":1,"1":1},"f":{"0":1},"b":{},"_coverageSchema":"1a1c01bbd47fc00a2c39e90264f33305004495a9","hash":"eafd6b5be1f6924760dbff535dac86af71f67bba"}
,"C:\\Users\\ange_\\DEV005-movie-challenge-fw\\DEV005-movie-challenge\\src\\component\\Movies.jsx": {"path":"C:\\Users\\ange_\\DEV005-movie-challenge-fw\\DEV005-movie-challenge\\src\\component\\Movies.jsx","statementMap":{"0":{"start":{"line":5,"column":20},"end":{"line":16,"column":1}},"1":{"start":{"line":6,"column":2},"end":{"line":15,"column":4}},"2":{"start":{"line":9,"column":23},"end":{"line":9,"column":80}},"3":{"start":{"line":10,"column":22},"end":{"line":10,"column":45}},"4":{"start":{"line":12,"column":8},"end":{"line":12,"column":73}}},"fnMap":{"0":{"name":"(anonymous_0)","decl":{"start":{"line":5,"column":20},"end":{"line":5,"column":21}},"loc":{"start":{"line":5,"column":36},"end":{"line":16,"column":1}},"line":5},"1":{"name":"(anonymous_1)","decl":{"start":{"line":8,"column":18},"end":{"line":8,"column":19}},"loc":{"start":{"line":8,"column":28},"end":{"line":13,"column":7}},"line":8}},"branchMap":{"0":{"loc":{"start":{"line":10,"column":22},"end":{"line":10,"column":45}},"type":"binary-expr","locations":[{"start":{"line":10,"column":22},"end":{"line":10,"column":32}},{"start":{"line":10,"column":36},"end":{"line":10,"column":45}}],"line":10}},"s":{"0":1,"1":1,"2":2,"3":2,"4":2},"f":{"0":1,"1":2},"b":{"0":[2,0]},"_coverageSchema":"1a1c01bbd47fc00a2c39e90264f33305004495a9","hash":"918dcfc09b37c602f4f9f7dcb96f7f8b98bda9c9"}
,"C:\\Users\\ange_\\DEV005-movie-challenge-fw\\DEV005-movie-challenge\\src\\component\\Navbar.jsx": {"path":"C:\\Users\\ange_\\DEV005-movie-challenge-fw\\DEV005-movie-challenge\\src\\component\\Navbar.jsx","statementMap":{"0":{"start":{"line":6,"column":22},"end":{"line":34,"column":1}},"1":{"start":{"line":7,"column":2},"end":{"line":33,"column":4}}},"fnMap":{"0":{"name":"(anonymous_0)","decl":{"start":{"line":6,"column":22},"end":{"line":6,"column":23}},"loc":{"start":{"line":6,"column":28},"end":{"line":34,"column":1}},"line":6}},"branchMap":{},"s":{"0":1,"1":3},"f":{"0":3},"b":{},"_coverageSchema":"1a1c01bbd47fc00a2c39e90264f33305004495a9","hash":"66e61d9a738cc6e9504d53964cf574071fa05d45"}
}
