{"C:\\Users\\ange_\\DEV005-movie-challenge-fw\\DEV005-movie-challenge\\src\\component\\Caratulas.jsx": {"path":"C:\\Users\\ange_\\DEV005-movie-challenge-fw\\DEV005-movie-challenge\\src\\component\\Caratulas.jsx","statementMap":{"0":{"start":{"line":5,"column":25},"end":{"line":13,"column":1}},"1":{"start":{"line":6,"column":2},"end":{"line":12,"column":3}}},"fnMap":{"0":{"name":"(anonymous_0)","decl":{"start":{"line":5,"column":25},"end":{"line":5,"column":26}},"loc":{"start":{"line":5,"column":48},"end":{"line":13,"column":1}},"line":5}},"branchMap":{},"s":{"0":1,"1":7},"f":{"0":7},"b":{},"_coverageSchema":"1a1c01bbd47fc00a2c39e90264f33305004495a9","hash":"91e4a866922942c140e25782ab7eba13b5d3da41"}
,"C:\\Users\\ange_\\DEV005-movie-challenge-fw\\DEV005-movie-challenge\\src\\component\\Footer.jsx": {"path":"C:\\Users\\ange_\\DEV005-movie-challenge-fw\\DEV005-movie-challenge\\src\\component\\Footer.jsx","statementMap":{"0":{"start":{"line":6,"column":22},"end":{"line":12,"column":1}},"1":{"start":{"line":7,"column":4},"end":{"line":11,"column":5}}},"fnMap":{"0":{"name":"(anonymous_0)","decl":{"start":{"line":6,"column":22},"end":{"line":6,"column":23}},"loc":{"start":{"line":6,"column":26},"end":{"line":12,"column":1}},"line":6}},"branchMap":{},"s":{"0":1,"1":3},"f":{"0":3},"b":{},"_coverageSchema":"1a1c01bbd47fc00a2c39e90264f33305004495a9","hash":"eafd6b5be1f6924760dbff535dac86af71f67bba"}
,"C:\\Users\\ange_\\DEV005-movie-challenge-fw\\DEV005-movie-challenge\\src\\component\\Movies.jsx": {"path":"C:\\Users\\ange_\\DEV005-movie-challenge-fw\\DEV005-movie-challenge\\src\\component\\Movies.jsx","statementMap":{"0":{"start":{"line":5,"column":20},"end":{"line":16,"column":1}},"1":{"start":{"line":6,"column":2},"end":{"line":15,"column":4}},"2":{"start":{"line":9,"column":23},"end":{"line":9,"column":80}},"3":{"start":{"line":10,"column":22},"end":{"line":10,"column":45}},"4":{"start":{"line":12,"column":8},"end":{"line":12,"column":73}}},"fnMap":{"0":{"name":"(anonymous_0)","decl":{"start":{"line":5,"column":20},"end":{"line":5,"column":21}},"loc":{"start":{"line":5,"column":36},"end":{"line":16,"column":1}},"line":5},"1":{"name":"(anonymous_1)","decl":{"start":{"line":8,"column":18},"end":{"line":8,"column":19}},"loc":{"start":{"line":8,"column":28},"end":{"line":13,"column":7}},"line":8}},"branchMap":{"0":{"loc":{"start":{"line":10,"column":22},"end":{"line":10,"column":45}},"type":"binary-expr","locations":[{"start":{"line":10,"column":22},"end":{"line":10,"column":32}},{"start":{"line":10,"column":36},"end":{"line":10,"column":45}}],"line":10}},"s":{"0":1,"1":3,"2":4,"3":4,"4":4},"f":{"0":3,"1":4},"b":{"0":[4,0]},"_coverageSchema":"1a1c01bbd47fc00a2c39e90264f33305004495a9","hash":"918dcfc09b37c602f4f9f7dcb96f7f8b98bda9c9"}
,"C:\\Users\\ange_\\DEV005-movie-challenge-fw\\DEV005-movie-challenge\\src\\component\\Navbar.jsx": {"path":"C:\\Users\\ange_\\DEV005-movie-challenge-fw\\DEV005-movie-challenge\\src\\component\\Navbar.jsx","statementMap":{"0":{"start":{"line":7,"column":22},"end":{"line":37,"column":1}},"1":{"start":{"line":8,"column":22},"end":{"line":8,"column":46}},"2":{"start":{"line":10,"column":2},"end":{"line":36,"column":4}}},"fnMap":{"0":{"name":"(anonymous_0)","decl":{"start":{"line":7,"column":22},"end":{"line":7,"column":23}},"loc":{"start":{"line":7,"column":28},"end":{"line":37,"column":1}},"line":7}},"branchMap":{"0":{"loc":{"start":{"line":16,"column":40},"end":{"line":16,"column":80}},"type":"cond-expr","locations":[{"start":{"line":16,"column":62},"end":{"line":16,"column":75}},{"start":{"line":16,"column":78},"end":{"line":16,"column":80}}],"line":16},"1":{"loc":{"start":{"line":22,"column":40},"end":{"line":22,"column":85}},"type":"cond-expr","locations":[{"start":{"line":22,"column":67},"end":{"line":22,"column":80}},{"start":{"line":22,"column":83},"end":{"line":22,"column":85}}],"line":22},"2":{"loc":{"start":{"line":28,"column":40},"end":{"line":28,"column":86}},"type":"cond-expr","locations":[{"start":{"line":28,"column":68},"end":{"line":28,"column":81}},{"start":{"line":28,"column":84},"end":{"line":28,"column":86}}],"line":28}},"s":{"0":1,"1":3,"2":3},"f":{"0":3},"b":{"0":[3,0],"1":[0,3],"2":[0,3]},"_coverageSchema":"1a1c01bbd47fc00a2c39e90264f33305004495a9","hash":"f4bd03af651fdf5c5ddc396338ac74898a752a1c"}
,"C:\\Users\\ange_\\DEV005-movie-challenge-fw\\DEV005-movie-challenge\\src\\component\\Recommendations.jsx": {"path":"C:\\Users\\ange_\\DEV005-movie-challenge-fw\\DEV005-movie-challenge\\src\\component\\Recommendations.jsx","statementMap":{"0":{"start":{"line":5,"column":36},"end":{"line":27,"column":1}},"1":{"start":{"line":6,"column":2},"end":{"line":26,"column":4}},"2":{"start":{"line":14,"column":27},"end":{"line":14,"column":84}},"3":{"start":{"line":15,"column":30},"end":{"line":15,"column":53}},"4":{"start":{"line":17,"column":12},"end":{"line":21,"column":14}}},"fnMap":{"0":{"name":"(anonymous_0)","decl":{"start":{"line":5,"column":36},"end":{"line":5,"column":37}},"loc":{"start":{"line":5,"column":59},"end":{"line":27,"column":1}},"line":5},"1":{"name":"(anonymous_1)","decl":{"start":{"line":13,"column":22},"end":{"line":13,"column":23}},"loc":{"start":{"line":13,"column":32},"end":{"line":22,"column":11}},"line":13}},"branchMap":{"0":{"loc":{"start":{"line":15,"column":30},"end":{"line":15,"column":53}},"type":"binary-expr","locations":[{"start":{"line":15,"column":30},"end":{"line":15,"column":40}},{"start":{"line":15,"column":44},"end":{"line":15,"column":53}}],"line":15}},"s":{"0":1,"1":1,"2":2,"3":2,"4":2},"f":{"0":1,"1":2},"b":{"0":[2,0]},"_coverageSchema":"1a1c01bbd47fc00a2c39e90264f33305004495a9","hash":"92f3124c685aac0965065b216aaef07067c42716"}
,"C:\\Users\\ange_\\DEV005-movie-challenge-fw\\DEV005-movie-challenge\\src\\component\\Search.jsx": {"path":"C:\\Users\\ange_\\DEV005-movie-challenge-fw\\DEV005-movie-challenge\\src\\component\\Search.jsx","statementMap":{"0":{"start":{"line":4,"column":22},"end":{"line":36,"column":1}},"1":{"start":{"line":5,"column":40},"end":{"line":5,"column":52}},"2":{"start":{"line":7,"column":23},"end":{"line":9,"column":3}},"3":{"start":{"line":8,"column":4},"end":{"line":8,"column":35}},"4":{"start":{"line":11,"column":22},"end":{"line":14,"column":3}},"5":{"start":{"line":12,"column":4},"end":{"line":12,"column":23}},"6":{"start":{"line":13,"column":4},"end":{"line":13,"column":31}},"7":{"start":{"line":16,"column":2},"end":{"line":35,"column":4}}},"fnMap":{"0":{"name":"(anonymous_0)","decl":{"start":{"line":4,"column":22},"end":{"line":4,"column":23}},"loc":{"start":{"line":4,"column":45},"end":{"line":36,"column":1}},"line":4},"1":{"name":"(anonymous_1)","decl":{"start":{"line":7,"column":23},"end":{"line":7,"column":24}},"loc":{"start":{"line":7,"column":30},"end":{"line":9,"column":3}},"line":7},"2":{"name":"(anonymous_2)","decl":{"start":{"line":11,"column":22},"end":{"line":11,"column":23}},"loc":{"start":{"line":11,"column":29},"end":{"line":14,"column":3}},"line":11}},"branchMap":{},"s":{"0":1,"1":3,"2":3,"3":0,"4":3,"5":0,"6":0,"7":3},"f":{"0":3,"1":0,"2":0},"b":{},"_coverageSchema":"1a1c01bbd47fc00a2c39e90264f33305004495a9","hash":"2cb7d2f23f4a3c7492b1234ea7b6f5d11ed6b8c7"}
,"C:\\Users\\ange_\\DEV005-movie-challenge-fw\\DEV005-movie-challenge\\src\\pages\\Films.jsx": {"path":"C:\\Users\\ange_\\DEV005-movie-challenge-fw\\DEV005-movie-challenge\\src\\pages\\Films.jsx","statementMap":{"0":{"start":{"line":8,"column":21},"end":{"line":44,"column":1}},"1":{"start":{"line":9,"column":36},"end":{"line":9,"column":48}},"2":{"start":{"line":10,"column":52},"end":{"line":10,"column":67}},"3":{"start":{"line":11,"column":30},"end":{"line":11,"column":42}},"4":{"start":{"line":13,"column":2},"end":{"line":27,"column":37}},"5":{"start":{"line":14,"column":22},"end":{"line":24,"column":5}},"6":{"start":{"line":15,"column":26},"end":{"line":15,"column":93}},"7":{"start":{"line":17,"column":6},"end":{"line":23,"column":7}},"8":{"start":{"line":18,"column":21},"end":{"line":18,"column":101}},"9":{"start":{"line":19,"column":8},"end":{"line":19,"column":32}},"10":{"start":{"line":21,"column":21},"end":{"line":21,"column":81}},"11":{"start":{"line":22,"column":8},"end":{"line":22,"column":32}},"12":{"start":{"line":26,"column":4},"end":{"line":26,"column":16}},"13":{"start":{"line":29,"column":26},"end":{"line":32,"column":3}},"14":{"start":{"line":30,"column":4},"end":{"line":30,"column":22}},"15":{"start":{"line":31,"column":4},"end":{"line":31,"column":31}},"16":{"start":{"line":34,"column":2},"end":{"line":43,"column":4}}},"fnMap":{"0":{"name":"(anonymous_0)","decl":{"start":{"line":8,"column":21},"end":{"line":8,"column":22}},"loc":{"start":{"line":8,"column":27},"end":{"line":44,"column":1}},"line":8},"1":{"name":"(anonymous_1)","decl":{"start":{"line":13,"column":12},"end":{"line":13,"column":13}},"loc":{"start":{"line":13,"column":18},"end":{"line":27,"column":3}},"line":13},"2":{"name":"(anonymous_2)","decl":{"start":{"line":14,"column":22},"end":{"line":14,"column":23}},"loc":{"start":{"line":14,"column":34},"end":{"line":24,"column":5}},"line":14},"3":{"name":"(anonymous_3)","decl":{"start":{"line":29,"column":26},"end":{"line":29,"column":27}},"loc":{"start":{"line":29,"column":35},"end":{"line":32,"column":3}},"line":29}},"branchMap":{"0":{"loc":{"start":{"line":15,"column":26},"end":{"line":15,"column":93}},"type":"cond-expr","locations":[{"start":{"line":15,"column":46},"end":{"line":15,"column":75}},{"start":{"line":15,"column":78},"end":{"line":15,"column":93}}],"line":15},"1":{"loc":{"start":{"line":17,"column":6},"end":{"line":23,"column":7}},"type":"if","locations":[{"start":{"line":17,"column":6},"end":{"line":23,"column":7}},{"start":{"line":20,"column":13},"end":{"line":23,"column":7}}],"line":17}},"s":{"0":1,"1":2,"2":2,"3":2,"4":2,"5":1,"6":1,"7":1,"8":0,"9":0,"10":1,"11":1,"12":1,"13":2,"14":0,"15":0,"16":2},"f":{"0":2,"1":1,"2":1,"3":0},"b":{"0":[0,1],"1":[0,1]},"_coverageSchema":"1a1c01bbd47fc00a2c39e90264f33305004495a9","hash":"b6a4af33897bfd5a57fd9a16a7fbe9c1cc0cba6b"}
}
