TN:
SF:src\component\Caratulas.jsx
FN:5,(anonymous_0)
FNF:1
FNH:1
FNDA:3,(anonymous_0)
DA:5,1
DA:6,3
LF:2
LH:2
BRF:0
BRH:0
end_of_record
TN:
SF:src\component\Footer.jsx
FN:6,(anonymous_0)
FNF:1
FNH:1
FNDA:1,(anonymous_0)
DA:6,1
DA:7,1
LF:2
LH:2
BRF:0
BRH:0
end_of_record
TN:
SF:src\component\Movies.jsx
FN:5,(anonymous_0)
FN:8,(anonymous_1)
FNF:2
FNH:2
FNDA:1,(anonymous_0)
FNDA:2,(anonymous_1)
DA:5,1
DA:6,1
DA:9,2
DA:10,2
DA:12,2
LF:5
LH:5
BRDA:10,0,0,2
BRDA:10,0,1,0
BRF:2
BRH:1
end_of_record
TN:
SF:src\component\Navbar.jsx
FN:6,(anonymous_0)
FNF:1
FNH:1
FNDA:3,(anonymous_0)
DA:6,1
DA:7,3
LF:2
LH:2
BRF:0
BRH:0
end_of_record
