TN:
SF:src\component\Caratulas.jsx
FN:5,(anonymous_0)
FNF:1
FNH:1
FNDA:7,(anonymous_0)
DA:5,1
DA:6,7
LF:2
LH:2
BRF:0
BRH:0
end_of_record
TN:
SF:src\component\Footer.jsx
FN:6,(anonymous_0)
FNF:1
FNH:1
FNDA:3,(anonymous_0)
DA:6,1
DA:7,3
LF:2
LH:2
BRF:0
BRH:0
end_of_record
TN:
SF:src\component\Movies.jsx
FN:5,(anonymous_0)
FN:8,(anonymous_1)
FNF:2
FNH:2
FNDA:3,(anonymous_0)
FNDA:4,(anonymous_1)
DA:5,1
DA:6,3
DA:9,4
DA:10,4
DA:12,4
LF:5
LH:5
BRDA:10,0,0,4
BRDA:10,0,1,0
BRF:2
BRH:1
end_of_record
TN:
SF:src\component\Navbar.jsx
FN:7,(anonymous_0)
FNF:1
FNH:1
FNDA:3,(anonymous_0)
DA:7,1
DA:8,3
DA:10,3
LF:3
LH:3
BRDA:16,0,0,3
BRDA:16,0,1,0
BRDA:22,1,0,0
BRDA:22,1,1,3
BRDA:28,2,0,0
BRDA:28,2,1,3
BRF:6
BRH:3
end_of_record
TN:
SF:src\component\Recommendations.jsx
FN:5,(anonymous_0)
FN:13,(anonymous_1)
FNF:2
FNH:2
FNDA:1,(anonymous_0)
FNDA:2,(anonymous_1)
DA:5,1
DA:6,1
DA:14,2
DA:15,2
DA:17,2
LF:5
LH:5
BRDA:15,0,0,2
BRDA:15,0,1,0
BRF:2
BRH:1
end_of_record
TN:
SF:src\component\Search.jsx
FN:4,(anonymous_0)
FN:7,(anonymous_1)
FN:11,(anonymous_2)
FNF:3
FNH:1
FNDA:3,(anonymous_0)
FNDA:0,(anonymous_1)
FNDA:0,(anonymous_2)
DA:4,1
DA:5,3
DA:7,3
DA:8,0
DA:11,3
DA:12,0
DA:13,0
DA:16,3
LF:8
LH:5
BRF:0
BRH:0
end_of_record
TN:
SF:src\pages\Films.jsx
FN:8,(anonymous_0)
FN:13,(anonymous_1)
FN:14,(anonymous_2)
FN:29,(anonymous_3)
FNF:4
FNH:3
FNDA:2,(anonymous_0)
FNDA:1,(anonymous_1)
FNDA:1,(anonymous_2)
FNDA:0,(anonymous_3)
DA:8,1
DA:9,2
DA:10,2
DA:11,2
DA:13,2
DA:14,1
DA:15,1
DA:17,1
DA:18,0
DA:19,0
DA:21,1
DA:22,1
DA:26,1
DA:29,2
DA:30,0
DA:31,0
DA:34,2
LF:17
LH:13
BRDA:15,0,0,0
BRDA:15,0,1,1
BRDA:17,1,0,0
BRDA:17,1,1,1
BRF:4
BRH:2
end_of_record
